VALVE_PROBE_BEGIN
VALVE_PROBE_WARMUP samples=48,48,48,48,97,48,48,48,48,48,48,48,48,48,48,48,48,48,48,48,48,48,48,48,48,48,48,48,48,48,48,48,48,48,48,48,48,48,48,48,48,48,48,48,48,48,48,48,48,48,48,48,48,48,48,48,48,48,48,48,48,48,48,48,48,48
ON valve0
OFF valve0
VALVE_PROBE id=0 round=0 iter=0 base=48 on=17986,18132,18084,18132,18084,18084,18084,18084,18084,18084,18035,18035,18035,18035,17986,17986,17986,17986,17986,17986,17937,17937,17937,17986,17937,17937,17937,17937,17937,17937,17937,17937,17937,17937,17986,17986,17986,17986,17986,18035,18035,18035,18035,18035,18035,18035,17986,17986,17986,17986,17986,17986,17937,18035,17986,17986,17986,17986,18035,18035,18035,18035,18035,17986,18035,18035,18035,18035,18035,18035,18035,18035,18035,18035,18035,18084,18084,18035,18035,18035,18084,18035,18084,18035,18035,18084,18084,18035,18084,18084,18084,18084,18084,18035,18035,18084,18084,18084,18084,18084,18084,18084,18084,18084,18084,18035,18084,18084,18035,18084,18084,18084,18132,18084,18084,18084,18084,18132,18084,18084,18181,18084,18084,18084,18084,18084,18035,18035,18035,18132,18132,18035,18035,18035,18035,18084,18035,18035,18035,18084,18132,18035,18132,18132,18132,18132,18132,18132,18132,18132,18132,18084,18181,18132,18132,17986,17986,18035,18035,18035,18035,18035,18035,18132,18132,18132
ON valve0
OFF valve0
VALVE_PROBE id=0 round=0 iter=1 base=18391 on=18426,18621,18621,18621,18523,18523,18475,18670,18621,18621,18475,18670,18621,18523,18621,18621,18621,18377,18621,18621,18523,18621,18572,18621,18523,18572,18523,18475,18523,18523,18475,18572,18572,18621,18426,18572,18572,18572,18377,18426,18377,18572,18523,18523,18572,18523,18572,18523,18523,18523,18572,18426,18426,18426,18328,18523,18523,18523,18523,18572,18572,18523,18572,18572,18523,18523,18572,18523,18426,18572,18572,18475,18523,18572,18621,18475,18621,18572,18572,18572,18572,18572,18572,18621,18475,18523,18426,18426,18475,18523,18572,18572,18377,18572,18523,18572,18572,18572,18523,18572,18572,18572,18475,18523,18572,18523,18572,18523,18523,18475,18572,18475,18523,18572,18572,18572,18426,18523,18670,18572,18523,18572,18572,18572,18572,18572,18523,18523,18523,18572,18426,18426,18475,18426,18475,18475,18523,18426,18475,18426,18426,18377,18426,18523,18523,18572,18523,18475,18572,18572,18377,18572,18572,18523,18523,18523,18426,18426,18523,18523,18523,18523,18523,18475,18572,18572
ON valve0
OFF valve0
VALVE_PROBE id=0 round=0 iter=2 base=18298 on=18377,18670,18475,18670,18670,18621,18621,18621,18621,18426,18426,18426,18572,18523,18572,18523,18523,18523,18523,18426,18572,18523,18572,18523,18475,18572,18328,18523,18475,18523,18475,18523,18475,18572,18523,18475,18426,18475,18475,18523,18523,18475,18523,18377,18377,18377,18328,18475,18572,18426,18523,18523,18523,18475,18475,18475,18572,18572,18475,18572,18377,18475,18523,18572,18523,18475,18475,18523,18523,18523,18523,18523,18523,18475,18475,18523,18523,18475,18426,18377,18426,18523,18523,18572,18377,18523,18523,18572,18377,18377,18426,18523,18475,18523,18475,18377,18426,18377,18523,18475,18475,18377,18523,18523,18475,18475,18523,18572,18523,18475,18523,18523,18523,18523,18475,18572,18523,18523,18377,18475,18523,18475,18523,18475,18475,18328,18426,18475,18475,18377,18426,18328,18426,18377,18377,18377,18523,18475,18523,18475,18475,18572,18377,18475,18475,18475,18572,18523,18426,18475,18475,18523,18572,18523,18523,18523,18523,18475,18523,18426,18523,18475,18523,18377,18377,18328
ON valve8
OFF valve8
VALVE_PROBE id=8 round=0 iter=0 base=18357 on=18230,18132,18084,18084,18181,18230,18279,18181,18181,18230,18230,18181,18181,18230,18230,18181
ON valve5
OFF valve5
VALVE_PROBE id=5 round=0 iter=0 base=18293 on=18132,18084,18132,18279,18230,18230,18230,18279,18230,18279,18132,18181,18181,18230,18132,18035
ON valve9
OFF valve9
VALVE_PROBE id=9 round=0 iter=0 base=18298 on=18279,18181,18181,18230,18279,18230,18279,18279,18181,18230,18230,18279,18181,18181,18230,18279
ON valve0
OFF valve0
VALVE_PROBE id=0 round=1 iter=0 base=18308 on=18328,18621,18719,18670,18572,18670,18621,18572,18621,18572,18670,18572,18621,18621,18523,18475,18572,18523,18523,18572,18523,18523,18426,18426,18377,18426,18328,18523,18475,18377,18279,18377,18377,18377,18475,18523,18328,18426,18377,18426,18475,18523,18523,18523,18572,18572,18475,18377,18426,18523,18426,18426,18426,18523,18523,18523,18426,18426,18377,18523,18523,18523,18523,18523,18475,18572,18621,18572,18572,18572,18523,18572,18621,18377,18621,18572,18572,18572,18572,18572,18426,18572,18621,18523,18377,18426,18426,18523,18572,18572,18523,18377,18426,18377,18572,18426,18523,18475,18523,18523,18523,18621,18523,18523,18523,18523,18475,18523,18523,18621,18572,18621,18523,18523,18426,18475,18523,18475,18523,18426,18572,18475,18572,18621,18572,18572,18475,18572,18475,18377,18426,18475,18426,18426,18426,18523,18572,18523,18426,18523,18572,18572,18621,18523,18572,18572,18572,18572,18621,18426,18377,18377,18523,18572,18572,18426,18572,18572,18523,18426,18377,18377,18523,18523,18475,18523
ON valve0
OFF valve0
VALVE_PROBE id=0 round=1 iter=1 base=18254 on=18328,18572,18523,18572,18621,18572,18572,18475,18426,18475,18475,18572,18523,18475,18523,18572,18621,18572,18377,18426,18426,18523,18523,18523,18475,18475,18523,18475,18523,18572,18475,18377,18572,18523,18475,18572,18475,18523,18426,18572,18523,18328,18377,18377,18377,18523,18523,18523,18377,18377,18426,18475,18475,18475,18475,18475,18475,18523,18475,18475,18475,18426,18475,18426,18475,18328,18426,18475,18523,18475,18426,18523,18426,18475,18523,18523,18523,18523,18523,18377,18377,18426,18475,18377,18328,18377,18523,18523,18475,18328,18377,18377,18475,18475,18475,18475,18328,18328,18279,18426,18328,18377,18377,18475,18523,18475,18328,18426,18426,18377,18328,18328,18328,18328,18377,18328,18475,18377,18328,18279,18475,18523,18523,18377,18328,18328,18377,18475,18475,18523,18377,18523,18475,18523,18328,18279,18328,18475,18475,18475,18377,18475,18475,18523,18523,18475,18475,18377,18377,18328,18426,18377,18377,18426,18475,18523,18475,18426,18377,18377,18279,18475,18475,18523,18377,18523
ON valve0
OFF valve0
VALVE_PROBE id=0 round=1 iter=2 base=18303 on=18230,18426,18475,18475,18426,18426,18279,18426,18426,18572,18523,18523,18523,18475,18572,18475,18377,18523,18523,18523,18377,18328,18377,18426,18426,18426,18523,18523,18475,18523,18523,18475,18523,18377,18523,18523,18523,18377,18426,18377,18328,18377,18328,18426,18377,18328,18377,18328,18377,18328,18426,18475,18475,18523,18475,18475,18475,18377,18426,18328,18523,18426,18523,18475,18523,18523,18426,18426,18475,18572,18475,18426,18475,18523,18328,18426,18328,18328,18426,18475,18523,18328,18328,18328,18426,18475,18475,18475,18523,18523,18523,18426,18523,18523,18523,18572,18572,18475,18377,18475,18475,18523,18475,18426,18328,18328,18475,18475,18426,18572,18523,18475,18475,18523,18523,18377,18377,18328,18377,18426,18523,18572,18426,18523,18475,18475,18523,18523,18523,18475,18475,18475,18426,18377,18328,18279,18523,18475,18523,18377,18523,18426,18475,18523,18523,18475,18475,18475,18475,18426,18475,18572,18523,18475,18475,18475,18377,18523,18475,18475,18523,18475,18523,18426,18377,18328
ON valve9
OFF valve9
VALVE_PROBE id=9 round=1 iter=0 base=18274 on=18035,18084,18181,18230,18181,18084,18084,18084,18084,18181,18181,18181,18132,18181,18181,18132
ON valve11
OFF valve11
VALVE_PROBE id=11 round=1 iter=0 base=18342 on=18181,18181,18230,18132,18181,18230,18181,18035,18181,18181,18230,18035,18132,18084,18084,18132
ON valve3
OFF valve3
VALVE_PROBE id=3 round=1 iter=0 base=18337 on=18181,18230,18181,18181,18230,18230,18132,18084,18035,18084,18181,18132,18230,18035,18181,18181
ON valve0
OFF valve0
VALVE_PROBE id=0 round=2 iter=0 base=18244 on=18279,18475,18475,18475,18426,18572,18621,18621,18523,18523,18523,18523,18377,18377,18426,18523,18377,18426,18377,18523,18523,18475,18475,18475,18426,18426,18475,18426,18523,18328,18279,18279,18475,18377,18475,18475,18279,18328,18279,18475,18426,18426,18377,18230,18328,18328,18279,18426,18426,18475,18377,18426,18475,18328,18523,18475,18426,18475,18426,18475,18523,18426,18426,18377,18475,18475,18426,18475,18475,18426,18328,18475,18475,18475,18426,18475,18523,18377,18279,18328,18426,18377,18377,18328,18475,18426,18475,18328,18426,18377,18377,18377,18475,18475,18328,18523,18475,18475,18475,18475,18475,18523,18475,18475,18377,18523,18523,18475,18475,18572,18523,18377,18328,18475,18377,18426,18572,18377,18475,18426,18523,18572,18426,18426,18377,18572,18572,18523,18523,18523,18572,18621,18572,18523,18475,18475,18475,18475,18523,18523,18572,18572,18523,18523,18475,18426,18475,18475,18523,18572,18523,18475,18279,18523,18475,18523,18377,18328,18377,18377,18377,18377,18426,18475,18475,18475
ON valve0
OFF valve0
VALVE_PROBE id=0 round=2 iter=1 base=18249 on=18230,18377,18523,18475,18377,18377,18328,18572,18523,18475,18475,18475,18426,18475,18426,18475,18475,18426,18475,18475,18475,18328,18475,18523,18426,18475,18523,18475,18475,18426,18475,18475,18426,18475,18475,18475,18475,18475,18328,18377,18328,18377,18475,18426,18426,18279,18328,18328,18426,18475,18426,18426,18523,18426,18426,18426,18475,18475,18475,18475,18523,18475,18377,18523,18426,18426,18523,18475,18426,18475,18426,18475,18475,18475,18523,18475,18475,18475,18475,18328,18328,18279,18377,18475,18475,18426,18426,18523,18475,18426,18523,18377,18475,18377,18328,18377,18377,18475,18523,18475,18279,18279,18279,18377,18426,18523,18475,18475,18523,18475,18426,18279,18328,18328,18328,18328,18377,18475,18475,18523,18426,18475,18523,18475,18475,18475,18426,18328,18377,18328,18475,18426,18426,18475,18523,18475,18426,18377,18426,18523,18523,18523,18475,18426,18328,18475,18475,18426,18572,18475,18475,18572,18426,18475,18426,18426,18426,18475,18523,18475,18475,18377,18377,18377,18475,18523
ON valve0
OFF valve0
VALVE_PROBE id=0 round=2 iter=2 base=18230 on=18181,18328,18279,18523,18475,18475,18377,18475,18475,18475,18475,18475,18426,18328,18426,18426,18475,18426,18426,18475,18475,18426,18475,18377,18426,18426,18426,18426,18523,18426,18279,18426,18426,18377,18328,18279,18279,18426,18426,18426,18426,18426,18426,18426,18426,18426,18426,18279,18426,18426,18328,18279,18279,18279,18230,18426,18426,18377,18426,18426,18377,18475,18377,18426,18377,18328,18426,18426,18377,18426,18426,18230,18328,18230,18377,18377,18426,18377,18377,18475,18475,18377,18377,18426,18426,18279,18230,18279,18230,18377,18475,18377,18377,18279,18279,18279,18426,18377,18377,18377,18426,18426,18426,18377,18426,18328,18426,18377,18377,18377,18426,18475,18279,18328,18475,18377,18377,18475,18328,18230,18230,18279,18279,18377,18426,18377,18377,18377,18377,18279,18377,18426,18426,18426,18426,18377,18377,18377,18426,18475,18377,18377,18328,18426,18426,18426,18328,18377,18426,18426,18426,18377,18475,18377,18475,18475,18328,18475,18377,18426,18426,18475,18426,18230,18279,18230
ON valve10
OFF valve10
VALVE_PROBE id=10 round=2 iter=0 base=18303 on=18132,18084,18181,18181,18132,18084,18132,18181,18181,18132,18132,18084,18181,18230,18230,18084
ON valve9
OFF valve9
VALVE_PROBE id=9 round=2 iter=0 base=18308 on=18181,18035,18035,18084,18132,18132,18230,18181,18230,18230,18181,18181,18181,18132,18084,18084
ON valve5
OFF valve5
VALVE_PROBE id=5 round=2 iter=0 base=18332 on=18084,18132,18181,18035,18035,18035,18230,18132,18230,18181,18181,18181,18230,18132,18181,18132
VALVE_PROBE_END