VALVE_PROBE_BEGIN
VALVE_PROBE_WARMUP samples=48,48,48,0,48,0,48,48,0,48,0,48,0,48,48,0,0,0,0,48,0,48,0,48,0,0,48,0,48,48,48,48,0,48,0,0,48,48,0,48,48,0,0,0,0,48,0,48,48,0,48,0,0,48,0,48,0,0,48,48,48,48,48,48,0,48
ON valve8
OFF valve8
VALVE_PROBE id=8 round=-1 iter=0 base=19 on=18084,18035,18035,18035,18035,18035,18035,18035,18035,18035,18035,18084,18035,18035,18035,18035
ON valve0
OFF valve0
VALVE_PROBE id=0 round=0 iter=0 base=18288 on=18279,18426,18475,18328,18377,18377,18377,18426,18377,18328,18426,18377,18279,18328,18328,18328
ON valve8
OFF valve8
VALVE_PROBE id=8 round=0 iter=0 base=18249 on=18084,18084,18132,18084,18132,18035,18084,18035,18132,18084,18084,18132,18132,18084,18084,18181
ON valve5
OFF valve5
VALVE_PROBE id=5 round=0 iter=0 base=18254 on=18084,18132,18084,18084,18084,18132,18084,18132,18084,18132,18084,18230,18084,18084,18084,18084
ON valve9
OFF valve9
VALVE_PROBE id=9 round=0 iter=0 base=18274 on=18132,18084,18181,18084,18084,18084,18084,18084,18035,18084,18084,18035,18084,17986,18132,18084
ON valve0
OFF valve0
VALVE_PROBE id=0 round=1 iter=0 base=18283 on=18230,18279,18279,18328,18426,18377,18377,18328,18328,18328,18279,18279,18426,18377,18328,18377
ON valve9
OFF valve9
VALVE_PROBE id=9 round=1 iter=0 base=18254 on=18035,18132,18084,18084,18084,18084,18084,18084,18132,18035,18230,18181,18230,18181,18230,18181
ON valve11
OFF valve11
VALVE_PROBE id=11 round=1 iter=0 base=18377 on=18181,18181,18181,18132,18181,18132,18181,18181,18035,18132,18084,18084,18084,18084,18084,18084
ON valve3
OFF valve3
VALVE_PROBE id=3 round=1 iter=0 base=18283 on=18181,18279,18132,18181,18181,18230,18181,18084,18035,18084,18084,18230,18279,18181,18181,18230
ON valve0
OFF valve0
VALVE_PROBE id=0 round=2 iter=0 base=18298 on=18328,18426,18426,18426,18523,18475,18328,18426,18475,18475,18426,18475,18475,18328,18523,18572
ON valve10
OFF valve10
VALVE_PROBE id=10 round=2 iter=0 base=18362 on=18230,18230,18181,18181,18230,18181,18230,18230,18132,18230,18132,18181,18035,18181,18279,18132
ON valve9
OFF valve9
VALVE_PROBE id=9 round=2 iter=0 base=18288 on=18132,18084,18084,18132,18181,18084,17986,18132,18181,18181,18181,18084,18230,18230,18132,18181
ON valve5
OFF valve5
VALVE_PROBE id=5 round=2 iter=0 base=18254 on=18035,17986,18132,18230,18230,18279,18230,18230,18181,18181,18132,18230,18230,18230,18230,18181
VALVE_PROBE_END