VALVE_PROBE_BEGIN
ON valve0
OFF valve0
VALVE_PROBE id=0 round=0 iter=0 base=19 on=18230,18328,18279,18279,18279,18328,18279,18328,18279,18279,18279,18279,18230,18230,18181,18181,18181,18132,18132,18132,18084,18132,18084,18084,18084,18084,18084,18084,18084,18084,18084,18084,18084,18084,18084,18084,18035,18035,18084,18084,18084,18084,18084,18084,18084,18035,18084,18084,18084,18084,18084,18084,18084,18084,18084,18084,18035,18035,18084,18035,18035,18035,18035,18035,18035,18035 tail=17693,17937,17986,17986,18035,17937,17937,17986,17986,18035,17937,18035,17986,17937,18035,17937,18035,18035,18084,17986,18035,18035,18035,18035,18035,18035,18035,17986,17937,18035,17986,17937,18035
ON valve0
OFF valve0
VALVE_PROBE id=0 round=0 iter=1 base=18079 on=18230,18475,18475,18475,18475,18475,18523,18475,18475,18426,18475,18475,18475,18475,18475,18426,18523,18475,18377,18377,18426,18377,18377,18377,18377,18328,18328,18328,18377,18279,18328,18328,18328,18328,18279,18328,18328,18279,18328,18279,18426,18377,18377,18377,18426,18475,18377,18377,18377,18328,18475,18377,18377,18426,18426,18279,18426,18377,18426,18328,18426,18426,18426,18475,18426,18426 tail=18035,17986,17986,18035,18035,17986,17937,17986,18035,17986,17986,17986,17986,17986,18035,18035,17986,17986,18035,17937,17986,18132,18084,18084,17937,18084,18084,18132,18084,18035,18084,17937,18132
ON valve0
OFF valve0
VALVE_PROBE id=0 round=0 iter=2 base=18171 on=18328,18670,18621,18621,18572,18572,18621,18572,18621,18572,18572,18523,18572,18426,18572,18523,18475,18523,18475,18523,18377,18328,18377,18475,18475,18475,18475,18426,18426,18328,18328,18426,18426,18426,18377,18377,18377,18230,18426,18279,18328,18377,18328,18328,18377,18328,18377,18328,18328,18279,18230,18377,18426,18279,18328,18328,18426,18426,18426,18377,18426,18377,18426,18426,18475,18377 tail=17937,17986,17986,18181,18132,18132,18035,18132,18084,18084,18084,18084,18132,17986,18181,18132,18084,18084,18084,18132,18132,18035,18084,17986,18084,18084,18084,18181,18132,18132,18035,18132,18084
ON valve8
OFF valve8
VALVE_PROBE id=8 round=0 iter=0 base=18195 on=18035,17986,18084,18084,18084,18035,18035,18035,18084,18084,18035,18035,17937,18035,18035,18035,17888,17888,17888,17937,18084,18084,18084,17937,17986,17986,18084,18035,18084,18084,18035,18132,17937,17986,17937,18035,17986,18035,18035,18084,18035,18084,18035,18035,18084,18084,18035,18035,18084,18084,18084,18035,18035,18035,18035,18084,18084,18035,18084,18035,17986,17888,17986,18132,18035,17986 tail=18181,18230,18230,18230,18181,18084,18230,18230,18230,18230,18279,18181,18132,18230,18230,18230,18230,18181,18181,18181,18181,18181,18181,18084,18084,18132,18230,18230,18230,18132,18230,18230,18181
ON valve8
OFF valve8
VALVE_PROBE id=8 round=0 iter=1 base=18147 on=18084,17986,17986,18035,18035,18035,18035,18084,18084,18035,18035,17986,18084,18084,18035,17937,17986,17986,17986,17888,17937,17888,17986,18035,18035,17888,17937,17986,18084,17937,17888,17937,17986,17888,17937,17986,18035,18035,18035,18035,18035,18035,17937,18084,18084,18084,18035,17986,18035,18084,18084,18035,17888,18084,18035,18035,18084,18084,18035,17937,18035,18035,18035,17937,17937,17937 tail=18084,18035,18084,18181,18230,18181,18181,18181,18230,18132,18230,18132,18181,18230,18181,18132,18132,18035,18181,18230,18181,18230,18230,18181,18279,18181,18132,18084,18035,18084,18132,18132,18230
ON valve8
OFF valve8
VALVE_PROBE id=8 round=0 iter=2 base=18215 on=17986,17937,17986,18084,18084,18035,18084,18035,18035,18084,18035,18035,18132,18132,18035,18035,18084,17888,17888,17937,17937,18084,18084,17986,18084,18035,18084,18084,18084,18035,17937,18084,18084,18035,17986,18035,18035,18084,18132,18084,18084,17986,18084,18132,18035,18132,18084,18035,18035,18084,18035,17986,17986,17986,17986,17937,17888,17888,17937,17888,17986,18035,18084,18035,17937,17937 tail=18132,18084,18132,18230,18035,18132,18035,18181,18230,18230,18084,18230,18132,18279,18230,18279,18230,18132,18230,18181,18181,18181,18035,18132,18230,18181,18181,18132,18279,18181,18230,18181,18279
ON valve0
OFF valve0
VALVE_PROBE id=0 round=1 iter=0 base=18210 on=18377,18572,18523,18621,18572,18670,18572,18621,18621,18621,18621,18572,18523,18475,18377,18426,18377,18475,18475,18377,18279,18328,18328,18328,18377,18377,18377,18426,18377,18426,18426,18426,18426,18377,18475,18475,18523,18426,18377,18377,18328,18377,18377,18426,18475,18475,18426,18523,18426,18426,18426,18475,18426,18523,18377,18475,18475,18377,18279,18328,18377,18328,18328,18377,18475,18426 tail=18084,18084,18132,18132,18132,18132,18132,18084,18132,18035,18132,18084,18132,18132,18181,18132,17986,17986,18035,18035,18084,18035,17986,18084,18084,18084,18084,18035,18035,17986,18035,17986,17986
ON valve0
OFF valve0
VALVE_PROBE id=0 round=1 iter=1 base=18098 on=18230,18426,18523,18523,18572,18475,18475,18523,18523,18426,18523,18523,18377,18377,18328,18377,18328,18328,18328,18475,18426,18426,18230,18426,18377,18426,18426,18377,18426,18328,18328,18426,18377,18475,18377,18377,18328,18328,18377,18279,18328,18426,18328,18377,18377,18426,18328,18475,18377,18426,18426,18426,18475,18279,18279,18328,18328,18377,18426,18377,18377,18475,18426,18426,18426,18377 tail=18084,18084,18181,18084,18084,18132,18132,18084,18035,18084,18132,18132,18084,18132,18084,18035,17937,17986,18084,18084,18132,18084,18084,18084,18084,18132,18132,18132,18181,18084,18035,18084,17986
ON valve0
OFF valve0
VALVE_PROBE id=0 round=1 iter=2 base=18176 on=18279,18377,18523,18523,18328,18523,18475,18523,18328,18328,18377,18377,18523,18426,18426,18377,18426,18475,18328,18279,18279,18328,18377,18328,18377,18377,18377,18426,18475,18426,18377,18377,18377,18328,18377,18426,18377,18377,18279,18328,18377,18377,18328,18328,18328,18230,18377,18426,18475,18377,18426,18426,18230,18279,18328,18377,18426,18426,18426,18426,18377,18377,18230,18426,18426,18328 tail=18132,18132,18084,18035,17986,18035,18035,18132,17986,17986,17986,18084,18132,18084,17986,18132,18084,18132,18084,18084,18132,18084,18132,18035,18084,17986,17937,17986,18132,18132,18132,17986,18181
ON valve5
OFF valve5
VALVE_PROBE id=5 round=1 iter=0 base=18161 on=18035,17986,17986,17839,17986,18035,17937,17937,17986,17937,17888,17888,17937,17888,17888,17937,17888,17937,17986,17937,17937,17986,18035,18035,17937,17986,17986,17937,18035,18035,17888,17839,17937,17986,17937,18035,18035,17888,17986,17986,17986,17986,18035,17937,17839,17986,18035,17986,17839,17839,17888,18035,17986,17986,17937,17986,18035,17986,17839,17790,17888,17937,17986,18084,17986,17986 tail=18181,18181,18181,18181,18181,18181,18132,18132,18230,18181,18181,18181,18181,18084,18181,18132,18132,18132,18132,18181,18084,18181,18132,18181,18181,18181,18181,17986,17986,18035,18035,18084,18132
ON valve5
OFF valve5
VALVE_PROBE id=5 round=1 iter=1 base=18161 on=18035,18035,17888,17790,17839,17839,18035,18035,18084,17986,18035,17937,18035,17986,18084,17986,17986,17986,17986,17937,17937,17937,17986,17986,17986,18035,17790,18084,18035,18035,18035,17986,18035,17888,17888,17937,17986,17986,18035,18035,17986,17986,18035,17888,17986,17937,17986,18035,17986,17986,17937,17888,17888,17986,17986,17986,17986,18035,17986,17986,17888,17986,18035,17986,17986,18035 tail=18230,18132,18132,18181,18132,18132,18132,18132,18132,18132,18132,18181,18035,18132,18132,18181,18181,18181,18181,18132,18132,18181,18181,17986,18035,18035,18132,18181,18181,18181,18181,18181,18181
ON valve5
OFF valve5
VALVE_PROBE id=5 round=1 iter=2 base=18098 on=17888,17839,17937,17986,17986,17888,17888,17888,17986,17937,18035,18084,17986,18084,17937,18035,18035,17986,17839,18035,18035,18084,18035,18035,18035,17888,17986,17986,17986,17888,17888,17888,18084,18035,17986,17986,18035,18035,17986,17986,17986,17937,17839,17888,17888,17986,18084,17986,18035,17986,17986,17986,18035,18035,17937,18035,18084,18035,18035,17888,18035,18084,18035,17839,17888,17888 tail=18084,17986,18132,18132,18132,18035,18035,18084,18132,18181,18230,18132,18181,18181,18181,18181,18132,18230,18084,18084,18035,18084,18084,18035,18035,18230,18181,18181,18181,18132,18132,18230,18132
ON valve0
OFF valve0
VALVE_PROBE id=0 round=2 iter=0 base=18064 on=18132,18328,18426,18377,18523,18426,18475,18426,18475,18475,18475,18328,18328,18328,18279,18279,18328,18230,18328,18230,18181,18377,18328,18328,18230,18328,18279,18328,18377,18377,18377,18279,18328,18328,18377,18328,18377,18377,18328,18328,18328,18181,18279,18328,18377,18230,18230,18279,18279,18328,18377,18377,18426,18328,18426,18328,18377,18279,18230,18230,18426,18377,18377,18426,18377,18328 tail=17937,18132,18132,18084,18132,18132,18084,18132,18035,18132,18084,18084,18084,18084,18132,18181,18132,17937,17986,17986,17986,18084,18132,18035,18084,18084,18084,18084,18132,18181,18084,18084,18084
ON valve0
OFF valve0
VALVE_PROBE id=0 round=2 iter=1 base=18112 on=18035,18279,18230,18328,18377,18377,18181,18328,18328,18328,18279,18279,18279,18328,18279,18279,18328,18279,18279,18279,18328,18181,18132,18181,18035,18279,18279,18132,18132,18084,18230,18230,18230,18279,18230,18230,18181,18084,18084,18132,18181,18181,18181,18132,18230,18230,18181,18084,18279,18279,18328,18181,18132,18181,18230,18328,18279,18279,18279,18328,18377,18426,18230,18328,18279,18328 tail=18035,18132,18132,18132,18132,18181,18084,18084,18084,18035,18084,18132,18132,18084,18084,18132,17986,18084,18084,18084,17986,17986,17986,17937,18084,18084,18084,18084,18132,18084,18084,18084,18084
ON valve0
OFF valve0
VALVE_PROBE id=0 round=2 iter=2 base=18044 on=18132,18279,18279,18230,18279,18132,18279,18279,18328,18230,18279,18279,18230,18328,18181,18230,18230,18181,18230,18230,18181,18181,18132,18084,18084,18181,18181,18230,18181,18084,18132,18230,18181,18181,18230,18181,18181,18181,18279,18084,18084,18035,18084,18181,18230,18230,18132,18181,18181,18279,18132,18181,18230,18230,18279,18230,18181,18230,18279,18279,18279,18181,18279,18132,18328,18279 tail=18132,18132,18181,18084,18084,18035,18084,18132,18084,18181,18132,18084,17888,17986,17937,18035,17986,17986,17986,18084,18084,18084,17937,18084,18084,18035,17986,17986,17937,18035,18084,18084,18084
ON valve9
OFF valve9
VALVE_PROBE id=9 round=2 iter=0 base=18078 on=17937,17986,17986,17986,17790,17986,17937,18035,17937,18035,17986,17937,18035,17937,17937,17888,17937,17839,17937,17937,17937,17839,17790,17839,17839,17937,17888,17937,17790,17986,17888,17937,17937,17937,17937,17839,17888,17839,17888,17986,17937,17986,17986,17888,17937,17888,17937,17986,17937,17986,17937,17937,17790,17888,17839,17937,17937,17937,17937,17986,17986,17986,17888,17937,17937,17888 tail=18035,18084,18132,18084,17986,17986,18084,18084,18132,18132,18132,18084,18132,18181,18181,17986,17986,18035,18132,18181,18132,18035,18084,17986,18132,18132,18132,18132,18084,18181,18181,18084,18132
ON valve9
OFF valve9
VALVE_PROBE id=9 round=2 iter=1 base=18112 on=17937,17986,17986,17888,17790,17888,17839,17986,17888,18035,17839,17986,17937,17986,17937,17986,17937,17986,17937,17937,17986,17986,17937,17986,17937,18035,17986,17839,18035,17986,17888,17986,17937,17986,17790,17888,17888,17790,17986,17986,17937,17986,17888,17986,17888,17790,17888,17888,17986,17888,17986,17937,18035,17986,17937,17937,17986,17937,17986,17986,17937,17888,17986,17986,17986,17986 tail=18035,18132,18132,18084,18084,18132,18132,17986,18035,18035,18132,18181,18132,18181,18132,18132,18181,18132,18181,18181,18035,18132,18181,18132,18132,18132,18084,18035,18132,18132,18132,18181,18084
ON valve9
OFF valve9
VALVE_PROBE id=9 round=2 iter=2 base=18137 on=17986,17986,18035,17986,17937,17937,17986,18035,17986,17839,17986,17986,17986,17986,17839,17888,17888,17839,18035,17937,17888,17839,17790,18035,17986,17986,17888,17986,17986,17986,17888,17790,17790,17839,17937,17937,17986,17986,17986,17937,17986,17986,17986,17937,17790,17839,17839,17937,18035,18035,17839,17986,17937,17986,17888,17937,18035,17937,18035,17986,17937,18035,17986,17986,17937,17986 tail=18230,18181,18035,17986,18084,17986,18132,18181,18132,18084,17937,18035,18181,18132,18132,18132,18132,18181,18084,18084,18181,18132,18181,18132,18132,18181,18035,18084,18132,18181,18084,18132,18132
VALVE_PROBE_END